<?xml version="1.0" encoding="UTF-8"?>
<!-- Generated by org.testng.reporters.JUnitReportReporter -->
<testsuite hostname="Mac.alphionsee.in" failures="0" tests="1" name="com.dell.delta.testScenarios.AppName.Test1" time="154.914" errors="0" timestamp="2025-05-28T08:07:42 IST" skipped="0">
  <testcase classname="com.dell.delta.testScenarios.AppName.Test1" name="loginToApp" time="154.914"/>
</testsuite> <!-- com.dell.delta.testScenarios.AppName.Test1 -->
